app/build/outputs/logs/manifest-merger-debug-report.txt
-- Merging decision tree log ---
manifest
ADDED from src\main\AndroidManifest.xml:2:1-426:12
	package
		ADDED from src\main\AndroidManifest.xml:3:5-29
		INJECTED from src\main\AndroidManifest.xml
		INJECTED from src\main\AndroidManifest.xml
	android:versionName
		ADDED from src\main\AndroidManifest.xml:5:5-32
	android:versionCode
		ADDED from src\main\AndroidManifest.xml:4:5-29
		INJECTED from src\main\AndroidManifest.xml
		INJECTED from src\main\AndroidManifest.xml
	xmlns:android
		ADDED from src\main\AndroidManifest.xml:2:11-69
uses-sdk
ADDED from src\main\AndroidManifest.xml:7:5-9:41
	android:targetSdkVersion
		ADDED from src\main\AndroidManifest.xml:9:9-38
		INJECTED from src\main\AndroidManifest.xml
		INJECTED from src\main\AndroidManifest.xml
	android:minSdkVersion
		ADDED from src\main\AndroidManifest.xml:8:9-34
		INJECTED from src\main\AndroidManifest.xml
		INJECTED from src\main\AndroidManifest.xml
uses-permission#android.permission.VIBRATE
ADDED from src\main\AndroidManifest.xml:11:5-66
	android:name
		ADDED from src\main\AndroidManifest.xml:11:22-63
uses-permission#android.permission.INTERNET
ADDED from src\main\AndroidManifest.xml:12:5-67
	android:name
		ADDED from src\main\AndroidManifest.xml:12:22-64
uses-permission#android.permission.RECORD_AUDIO
ADDED from src\main\AndroidManifest.xml:13:5-71
	android:name
		ADDED from src\main\AndroidManifest.xml:13:22-68
uses-permission#android.permission.CAMERA
ADDED from src\main\AndroidManifest.xml:14:5-65
	android:name
		ADDED from src\main\AndroidManifest.xml:14:22-62
uses-permission#android.permission.ACCESS_NETWORK_STATE
ADDED from src\main\AndroidManifest.xml:15:5-79
	android:name
		ADDED from src\main\AndroidManifest.xml:15:22-76
uses-permission#android.permission.ACCESS_MOCK_LOCATION
ADDED from src\main\AndroidManifest.xml:16:5-79
	android:name
		ADDED from src\main\AndroidManifest.xml:16:22-76
uses-permission#android.permission.WRITE_EXTERNAL_STORAGE
ADDED from src\main\AndroidManifest.xml:17:5-81
	android:name
		ADDED from src\main\AndroidManifest.xml:17:22-78
uses-permission#android.permission.MOUNT_UNMOUNT_FILESYSTEMS
ADDED from src\main\AndroidManifest.xml:18:5-84
	android:name
		ADDED from src\main\AndroidManifest.xml:18:22-81
uses-permission#android.permission.ACCESS_FINE_LOCATION
ADDED from src\main\AndroidManifest.xml:19:5-79
	android:name
		ADDED from src\main\AndroidManifest.xml:19:22-76
uses-permission#android.permission.GET_TASKS
ADDED from src\main\AndroidManifest.xml:20:5-68
	android:name
		ADDED from src\main\AndroidManifest.xml:20:22-65
uses-permission#android.permission.ACCESS_WIFI_STATE
ADDED from src\main\AndroidManifest.xml:21:5-76
	android:name
		ADDED from src\main\AndroidManifest.xml:21:22-73
uses-permission#android.permission.CHANGE_WIFI_STATE
ADDED from src\main\AndroidManifest.xml:22:5-76
	android:name
		ADDED from src\main\AndroidManifest.xml:22:22-73
uses-permission#android.permission.WAKE_LOCK
ADDED from src\main\AndroidManifest.xml:23:5-68
	android:name
		ADDED from src\main\AndroidManifest.xml:23:22-65
uses-permission#android.permission.MODIFY_AUDIO_SETTINGS
ADDED from src\main\AndroidManifest.xml:24:5-80
	android:name
		ADDED from src\main\AndroidManifest.xml:24:22-77
uses-permission#android.permission.READ_PHONE_STATE
ADDED from src\main\AndroidManifest.xml:25:5-75
	android:name
		ADDED from src\main\AndroidManifest.xml:25:22-72
uses-permission#android.permission.RECEIVE_BOOT_COMPLETED
ADDED from src\main\AndroidManifest.xml:26:5-81
	android:name
		ADDED from src\main\AndroidManifest.xml:26:22-78
uses-permission#android.permission.GET_ACCOUNTS
ADDED from src\main\AndroidManifest.xml:27:5-71
	android:name
		ADDED from src\main\AndroidManifest.xml:27:22-68
uses-permission#android.permission.USE_CREDENTIALS
ADDED from src\main\AndroidManifest.xml:28:5-74
	android:name
		ADDED from src\main\AndroidManifest.xml:28:22-71
uses-permission#android.permission.MANAGE_ACCOUNTS
ADDED from src\main\AndroidManifest.xml:29:5-74
	android:name
		ADDED from src\main\AndroidManifest.xml:29:22-71
uses-permission#android.permission.AUTHENTICATE_ACCOUNTS
ADDED from src\main\AndroidManifest.xml:30:5-80
	android:name
		ADDED from src\main\AndroidManifest.xml:30:22-77
uses-permission#com.android.launcher.permission.READ_SETTINGS
ADDED from src\main\AndroidManifest.xml:31:5-85
	android:name
		ADDED from src\main\AndroidManifest.xml:31:22-82
uses-permission#android.permission.BROADCAST_STICKY
ADDED from src\main\AndroidManifest.xml:32:5-75
	android:name
		ADDED from src\main\AndroidManifest.xml:32:22-72
uses-permission#android.permission.WRITE_SETTINGS
ADDED from src\main\AndroidManifest.xml:33:5-73
	android:name
		ADDED from src\main\AndroidManifest.xml:33:22-70
application
ADDED from src\main\AndroidManifest.xml:35:5-424:19
	android:label
		ADDED from src\main\AndroidManifest.xml:39:9-41
	android:allowBackup
		ADDED from src\main\AndroidManifest.xml:37:9-35
	android:icon
		ADDED from src\main\AndroidManifest.xml:38:9-45
	android:name
		ADDED from src\main\AndroidManifest.xml:36:9-39
activity#com.fanxin.app.fx.MainActivity
ADDED from src\main\AndroidManifest.xml:40:9-46:20
	android:screenOrientation
		ADDED from src\main\AndroidManifest.xml:43:13-49
	android:launchMode
		ADDED from src\main\AndroidManifest.xml:42:13-44
	android:windowSoftInputMode
		ADDED from src\main\AndroidManifest.xml:45:13-52
	android:theme
		ADDED from src\main\AndroidManifest.xml:44:13-52
	android:name
		ADDED from src\main\AndroidManifest.xml:41:13-58
activity#com.fanxin.app.activity.SplashActivity
ADDED from src\main\AndroidManifest.xml:49:9-58:20
	android:screenOrientation
		ADDED from src\main\AndroidManifest.xml:51:13-49
	android:theme
		ADDED from src\main\AndroidManifest.xml:52:13-52
	android:name
		ADDED from src\main\AndroidManifest.xml:50:13-52
intent-filter#android.intent.action.MAIN+android.intent.category.LAUNCHER
ADDED from src\main\AndroidManifest.xml:53:13-57:29
action#android.intent.action.MAIN
ADDED from src\main\AndroidManifest.xml:54:17-69
	android:name
		ADDED from src\main\AndroidManifest.xml:54:25-66
category#android.intent.category.LAUNCHER
ADDED from src\main\AndroidManifest.xml:56:17-77
	android:name
		ADDED from src\main\AndroidManifest.xml:56:27-74
activity#com.fanxin.app.fx.LoginActivity
ADDED from src\main\AndroidManifest.xml:61:9-65:20
	android:screenOrientation
		ADDED from src\main\AndroidManifest.xml:63:13-49
	android:theme
		ADDED from src\main\AndroidManifest.xml:64:13-52
	android:name
		ADDED from src\main\AndroidManifest.xml:62:13-59
activity#com.fanxin.app.fx.RegisterActivity
ADDED from src\main\AndroidManifest.xml:68:9-72:20
	android:screenOrientation
		ADDED from src\main\AndroidManifest.xml:70:13-49
	android:theme
		ADDED from src\main\AndroidManifest.xml:71:13-52
	android:name
		ADDED from src\main\AndroidManifest.xml:69:13-62
activity#com.fanxin.app.fx.ChatActivity
ADDED from src\main\AndroidManifest.xml:74:9-80:20
	android:screenOrientation
		ADDED from src\main\AndroidManifest.xml:77:13-49
	android:launchMode
		ADDED from src\main\AndroidManifest.xml:76:13-43
	android:windowSoftInputMode
		ADDED from src\main\AndroidManifest.xml:79:13-55
	android:theme
		ADDED from src\main\AndroidManifest.xml:78:13-52
	android:name
		ADDED from src\main\AndroidManifest.xml:75:13-58
activity#com.fanxin.app.activity.AddContactActivity
ADDED from src\main\AndroidManifest.xml:82:9-86:20
	android:screenOrientation
		ADDED from src\main\AndroidManifest.xml:84:13-49
	android:theme
		ADDED from src\main\AndroidManifest.xml:85:13-52
	android:name
		ADDED from src\main\AndroidManifest.xml:83:13-56
activity#com.fanxin.app.activity.GroupDetailsActivity
ADDED from src\main\AndroidManifest.xml:88:9-92:20
	android:screenOrientation
		ADDED from src\main\AndroidManifest.xml:90:13-49
	android:theme
		ADDED from src\main\AndroidManifest.xml:91:13-52
	android:name
		ADDED from src\main\AndroidManifest.xml:89:13-58
activity#com.fanxin.app.activity.GroupsActivity
ADDED from src\main\AndroidManifest.xml:94:9-99:20
	android:screenOrientation
		ADDED from src\main\AndroidManifest.xml:96:13-49
	android:windowSoftInputMode
		ADDED from src\main\AndroidManifest.xml:98:13-52
	android:theme
		ADDED from src\main\AndroidManifest.xml:97:13-52
	android:name
		ADDED from src\main\AndroidManifest.xml:95:13-52
activity#com.fanxin.app.activity.NewGroupActivity
ADDED from src\main\AndroidManifest.xml:101:9-106:20
	android:screenOrientation
		ADDED from src\main\AndroidManifest.xml:103:13-49
	android:windowSoftInputMode
		ADDED from src\main\AndroidManifest.xml:105:13-52
	android:theme
		ADDED from src\main\AndroidManifest.xml:104:13-52
	android:name
		ADDED from src\main\AndroidManifest.xml:102:13-54
activity#com.fanxin.app.activity.ExitGroupDialog
ADDED from src\main\AndroidManifest.xml:108:9-112:20
	android:screenOrientation
		ADDED from src\main\AndroidManifest.xml:110:13-49
	android:theme
		ADDED from src\main\AndroidManifest.xml:111:13-55
	android:name
		ADDED from src\main\AndroidManifest.xml:109:13-53
activity#com.fanxin.app.activity.GroupPickContactsActivity
ADDED from src\main\AndroidManifest.xml:114:9-119:20
	android:screenOrientation
		ADDED from src\main\AndroidManifest.xml:116:13-49
	android:windowSoftInputMode
		ADDED from src\main\AndroidManifest.xml:118:13-52
	android:theme
		ADDED from src\main\AndroidManifest.xml:117:13-52
	android:name
		ADDED from src\main\AndroidManifest.xml:115:13-63
activity#com.fanxin.app.activity.BaiduMapActivity
ADDED from src\main\AndroidManifest.xml:121:9-125:20
	android:screenOrientation
		ADDED from src\main\AndroidManifest.xml:123:13-49
	android:theme
		ADDED from src\main\AndroidManifest.xml:124:13-52
	android:name
		ADDED from src\main\AndroidManifest.xml:122:13-54
activity#com.fanxin.app.activity.NewFriendsMsgActivity
ADDED from src\main\AndroidManifest.xml:128:9-132:20
	android:screenOrientation
		ADDED from src\main\AndroidManifest.xml:130:13-49
	android:theme
		ADDED from src\main\AndroidManifest.xml:131:13-52
	android:name
		ADDED from src\main\AndroidManifest.xml:129:13-59
activity#com.fanxin.app.activity.ForwardMessageActivity
ADDED from src\main\AndroidManifest.xml:134:9-139:20
	android:screenOrientation
		ADDED from src\main\AndroidManifest.xml:136:13-49
	android:windowSoftInputMode
		ADDED from src\main\AndroidManifest.xml:138:13-52
	android:theme
		ADDED from src\main\AndroidManifest.xml:137:13-52
	android:name
		ADDED from src\main\AndroidManifest.xml:135:13-60
activity#com.fanxin.app.activity.ContextMenu
ADDED from src\main\AndroidManifest.xml:141:9-145:20
	android:screenOrientation
		ADDED from src\main\AndroidManifest.xml:143:13-49
	android:theme
		ADDED from src\main\AndroidManifest.xml:144:13-49
	android:name
		ADDED from src\main\AndroidManifest.xml:142:13-49
activity#com.fanxin.app.activity.FXAlertDialog
ADDED from src\main\AndroidManifest.xml:147:9-151:20
	android:screenOrientation
		ADDED from src\main\AndroidManifest.xml:149:13-49
	android:theme
		ADDED from src\main\AndroidManifest.xml:150:13-49
	android:name
		ADDED from src\main\AndroidManifest.xml:148:13-51
activity#com.fanxin.app.activity.ShowBigImage
ADDED from src\main\AndroidManifest.xml:153:9-157:20
	android:screenOrientation
		ADDED from src\main\AndroidManifest.xml:155:13-49
	android:theme
		ADDED from src\main\AndroidManifest.xml:156:13-52
	android:name
		ADDED from src\main\AndroidManifest.xml:154:13-50
activity#com.fanxin.app.activity.ShowNormalFileActivity
ADDED from src\main\AndroidManifest.xml:159:9-163:20
	android:screenOrientation
		ADDED from src\main\AndroidManifest.xml:161:13-49
	android:theme
		ADDED from src\main\AndroidManifest.xml:162:13-52
	android:name
		ADDED from src\main\AndroidManifest.xml:160:13-60
activity#com.fanxin.app.activity.BlacklistActivity
ADDED from src\main\AndroidManifest.xml:165:9-169:20
	android:screenOrientation
		ADDED from src\main\AndroidManifest.xml:167:13-49
	android:theme
		ADDED from src\main\AndroidManifest.xml:168:13-52
	android:name
		ADDED from src\main\AndroidManifest.xml:166:13-55
activity#com.fanxin.app.activity.PublicGroupsActivity
ADDED from src\main\AndroidManifest.xml:172:9-177:20
	android:screenOrientation
		ADDED from src\main\AndroidManifest.xml:174:13-49
	android:windowSoftInputMode
		ADDED from src\main\AndroidManifest.xml:176:13-52
	android:theme
		ADDED from src\main\AndroidManifest.xml:175:13-52
	android:name
		ADDED from src\main\AndroidManifest.xml:173:13-58
activity#com.fanxin.app.activity.VoiceCallActivity
ADDED from src\main\AndroidManifest.xml:179:9-183:20
	android:screenOrientation
		ADDED from src\main\AndroidManifest.xml:181:13-49
	android:theme
		ADDED from src\main\AndroidManifest.xml:182:13-48
	android:name
		ADDED from src\main\AndroidManifest.xml:180:13-55
activity#com.fanxin.app.activity.GroupSimpleDetailActivity
ADDED from src\main\AndroidManifest.xml:185:9-189:20
	android:screenOrientation
		ADDED from src\main\AndroidManifest.xml:187:13-49
	android:theme
		ADDED from src\main\AndroidManifest.xml:188:13-52
	android:name
		ADDED from src\main\AndroidManifest.xml:186:13-63
activity#com.fanxin.app.activity.GroupBlacklistActivity
ADDED from src\main\AndroidManifest.xml:191:9-195:20
	android:screenOrientation
		ADDED from src\main\AndroidManifest.xml:193:13-49
	android:theme
		ADDED from src\main\AndroidManifest.xml:194:13-52
	android:name
		ADDED from src\main\AndroidManifest.xml:192:13-60
activity#com.fanxin.app.activity.EditActivity
ADDED from src\main\AndroidManifest.xml:196:9-201:20
	android:screenOrientation
		ADDED from src\main\AndroidManifest.xml:198:13-49
	android:windowSoftInputMode
		ADDED from src\main\AndroidManifest.xml:200:13-55
	android:theme
		ADDED from src\main\AndroidManifest.xml:199:13-52
	android:name
		ADDED from src\main\AndroidManifest.xml:197:13-50
activity#com.fanxin.app.activity.ShowVideoActivity
ADDED from src\main\AndroidManifest.xml:202:9-207:20
	android:screenOrientation
		ADDED from src\main\AndroidManifest.xml:204:13-49
	android:windowSoftInputMode
		ADDED from src\main\AndroidManifest.xml:206:13-60
	android:theme
		ADDED from src\main\AndroidManifest.xml:205:13-52
	android:name
		ADDED from src\main\AndroidManifest.xml:203:13-55
activity#com.fanxin.app.activity.ImageGridActivity
ADDED from src\main\AndroidManifest.xml:218:9-223:20
	android:screenOrientation
		ADDED from src\main\AndroidManifest.xml:220:13-49
	android:windowSoftInputMode
		ADDED from src\main\AndroidManifest.xml:222:13-60
	android:theme
		ADDED from src\main\AndroidManifest.xml:221:13-52
	android:name
		ADDED from src\main\AndroidManifest.xml:219:13-55
activity#com.fanxin.app.activity.RecorderVideoActivity
ADDED from src\main\AndroidManifest.xml:224:9-229:20
	android:screenOrientation
		ADDED from src\main\AndroidManifest.xml:226:13-49
	android:windowSoftInputMode
		ADDED from src\main\AndroidManifest.xml:228:13-60
	android:theme
		ADDED from src\main\AndroidManifest.xml:227:13-52
	android:name
		ADDED from src\main\AndroidManifest.xml:225:13-59
activity#com.fanxin.app.activity.DiagnoseActivity
ADDED from src\main\AndroidManifest.xml:231:9-236:20
	android:screenOrientation
		ADDED from src\main\AndroidManifest.xml:233:13-49
	android:windowSoftInputMode
		ADDED from src\main\AndroidManifest.xml:235:13-60
	android:theme
		ADDED from src\main\AndroidManifest.xml:234:13-52
	android:name
		ADDED from src\main\AndroidManifest.xml:232:13-54
activity#com.fanxin.app.fx.QRCode
ADDED from src\main\AndroidManifest.xml:237:9-242:20
	android:screenOrientation
		ADDED from src\main\AndroidManifest.xml:239:13-49
	android:windowSoftInputMode
		ADDED from src\main\AndroidManifest.xml:241:13-60
	android:theme
		ADDED from src\main\AndroidManifest.xml:240:13-52
	android:name
		ADDED from src\main\AndroidManifest.xml:238:13-52
activity#com.fanxin.app.fx.QRCodeActivity
ADDED from src\main\AndroidManifest.xml:243:9-248:20
	android:screenOrientation
		ADDED from src\main\AndroidManifest.xml:245:13-49
	android:windowSoftInputMode
		ADDED from src\main\AndroidManifest.xml:247:13-60
	android:theme
		ADDED from src\main\AndroidManifest.xml:246:13-52
	android:name
		ADDED from src\main\AndroidManifest.xml:244:13-60
activity#com.fanxin.app.fx.FriendInfoActivity
ADDED from src\main\AndroidManifest.xml:249:9-254:20
	android:screenOrientation
		ADDED from src\main\AndroidManifest.xml:251:13-49
	android:windowSoftInputMode
		ADDED from src\main\AndroidManifest.xml:253:13-60
	android:theme
		ADDED from src\main\AndroidManifest.xml:252:13-52
	android:name
		ADDED from src\main\AndroidManifest.xml:250:13-64
activity#com.fanxin.app.fx.MainSocialActivity
ADDED from src\main\AndroidManifest.xml:255:9-260:20
	android:screenOrientation
		ADDED from src\main\AndroidManifest.xml:257:13-49
	android:windowSoftInputMode
		ADDED from src\main\AndroidManifest.xml:259:13-60
	android:theme
		ADDED from src\main\AndroidManifest.xml:258:13-52
	android:name
		ADDED from src\main\AndroidManifest.xml:256:13-64
activity#com.fanxin.app.fx.ContactListActivity
ADDED from src\main\AndroidManifest.xml:261:9-266:20
	android:screenOrientation
		ADDED from src\main\AndroidManifest.xml:263:13-49
	android:windowSoftInputMode
		ADDED from src\main\AndroidManifest.xml:265:13-60
	android:theme
		ADDED from src\main\AndroidManifest.xml:264:13-52
	android:name
		ADDED from src\main\AndroidManifest.xml:262:13-65
activity#com.fanxin.app.fx.SocialNoticeActivity
ADDED from src\main\AndroidManifest.xml:267:9-272:20
	android:screenOrientation
		ADDED from src\main\AndroidManifest.xml:269:13-49
	android:windowSoftInputMode
		ADDED from src\main\AndroidManifest.xml:271:13-60
	android:theme
		ADDED from src\main\AndroidManifest.xml:270:13-52
	android:name
		ADDED from src\main\AndroidManifest.xml:268:13-66
activity#com.fanxin.app.fx.FriendFindActivity
ADDED from src\main\AndroidManifest.xml:273:9-278:20
	android:screenOrientation
		ADDED from src\main\AndroidManifest.xml:275:13-49
	android:windowSoftInputMode
		ADDED from src\main\AndroidManifest.xml:277:13-60
	android:theme
		ADDED from src\main\AndroidManifest.xml:276:13-52
	android:name
		ADDED from src\main\AndroidManifest.xml:274:13-64
activity#com.fanxin.app.fx.FriendDetailActivity
ADDED from src\main\AndroidManifest.xml:279:9-284:20
	android:screenOrientation
		ADDED from src\main\AndroidManifest.xml:281:13-49
	android:windowSoftInputMode
		ADDED from src\main\AndroidManifest.xml:283:13-60
	android:theme
		ADDED from src\main\AndroidManifest.xml:282:13-52
	android:name
		ADDED from src\main\AndroidManifest.xml:280:13-66
activity#com.fanxin.app.fx.MyGroupActivity
ADDED from src\main\AndroidManifest.xml:285:9-290:20
	android:screenOrientation
		ADDED from src\main\AndroidManifest.xml:287:13-49
	android:windowSoftInputMode
		ADDED from src\main\AndroidManifest.xml:289:13-60
	android:theme
		ADDED from src\main\AndroidManifest.xml:288:13-52
	android:name
		ADDED from src\main\AndroidManifest.xml:286:13-61
activity#com.fanxin.app.fx.GroupCreatActivity
ADDED from src\main\AndroidManifest.xml:291:9-296:20
	android:screenOrientation
		ADDED from src\main\AndroidManifest.xml:293:13-49
	android:windowSoftInputMode
		ADDED from src\main\AndroidManifest.xml:295:13-52
	android:theme
		ADDED from src\main\AndroidManifest.xml:294:13-52
	android:name
		ADDED from src\main\AndroidManifest.xml:292:13-64
activity#com.fanxin.app.fx.ChatRoomSettingActivity
ADDED from src\main\AndroidManifest.xml:297:9-302:20
	android:screenOrientation
		ADDED from src\main\AndroidManifest.xml:299:13-49
	android:windowSoftInputMode
		ADDED from src\main\AndroidManifest.xml:301:13-60
	android:theme
		ADDED from src\main\AndroidManifest.xml:300:13-52
	android:name
		ADDED from src\main\AndroidManifest.xml:298:13-69
activity#com.fanxin.app.fx.ChatSingleSettingActivity
ADDED from src\main\AndroidManifest.xml:303:9-308:20
	android:screenOrientation
		ADDED from src\main\AndroidManifest.xml:305:13-49
	android:windowSoftInputMode
		ADDED from src\main\AndroidManifest.xml:307:13-60
	android:theme
		ADDED from src\main\AndroidManifest.xml:306:13-52
	android:name
		ADDED from src\main\AndroidManifest.xml:304:13-71
activity#com.fanxin.app.fx.ReportActivity
ADDED from src\main\AndroidManifest.xml:309:9-314:20
	android:screenOrientation
		ADDED from src\main\AndroidManifest.xml:311:13-49
	android:windowSoftInputMode
		ADDED from src\main\AndroidManifest.xml:313:13-52
	android:theme
		ADDED from src\main\AndroidManifest.xml:312:13-52
	android:name
		ADDED from src\main\AndroidManifest.xml:310:13-60
activity#com.fanxin.app.fx.LocalSearchActivity
ADDED from src\main\AndroidManifest.xml:315:9-320:20
	android:screenOrientation
		ADDED from src\main\AndroidManifest.xml:317:13-49
	android:windowSoftInputMode
		ADDED from src\main\AndroidManifest.xml:319:13-52
	android:theme
		ADDED from src\main\AndroidManifest.xml:318:13-52
	android:name
		ADDED from src\main\AndroidManifest.xml:316:13-65
activity#com.fanxin.app.fx.AddFriendsOneActivity
ADDED from src\main\AndroidManifest.xml:321:9-326:20
	android:screenOrientation
		ADDED from src\main\AndroidManifest.xml:323:13-49
	android:windowSoftInputMode
		ADDED from src\main\AndroidManifest.xml:325:13-52
	android:theme
		ADDED from src\main\AndroidManifest.xml:324:13-52
	android:name
		ADDED from src\main\AndroidManifest.xml:322:13-67
activity#com.fanxin.app.fx.AddFriendsTwoActivity
ADDED from src\main\AndroidManifest.xml:327:9-332:20
	android:screenOrientation
		ADDED from src\main\AndroidManifest.xml:329:13-49
	android:windowSoftInputMode
		ADDED from src\main\AndroidManifest.xml:331:13-52
	android:theme
		ADDED from src\main\AndroidManifest.xml:330:13-52
	android:name
		ADDED from src\main\AndroidManifest.xml:328:13-67
activity#com.fanxin.app.fx.MyUserInfoActivity
ADDED from src\main\AndroidManifest.xml:333:9-338:20
	android:screenOrientation
		ADDED from src\main\AndroidManifest.xml:335:13-49
	android:windowSoftInputMode
		ADDED from src\main\AndroidManifest.xml:337:13-52
	android:theme
		ADDED from src\main\AndroidManifest.xml:336:13-52
	android:name
		ADDED from src\main\AndroidManifest.xml:334:13-64
activity#com.fanxin.app.fx.UserInfoActivity
ADDED from src\main\AndroidManifest.xml:339:9-344:20
	android:screenOrientation
		ADDED from src\main\AndroidManifest.xml:341:13-49
	android:windowSoftInputMode
		ADDED from src\main\AndroidManifest.xml:343:13-52
	android:theme
		ADDED from src\main\AndroidManifest.xml:342:13-52
	android:name
		ADDED from src\main\AndroidManifest.xml:340:13-62
activity#com.fanxin.app.fx.AddFriendsFinalActivity
ADDED from src\main\AndroidManifest.xml:345:9-350:20
	android:screenOrientation
		ADDED from src\main\AndroidManifest.xml:347:13-49
	android:windowSoftInputMode
		ADDED from src\main\AndroidManifest.xml:349:13-52
	android:theme
		ADDED from src\main\AndroidManifest.xml:348:13-52
	android:name
		ADDED from src\main\AndroidManifest.xml:346:13-69
activity#com.fanxin.app.fx.UpdateNickActivity
ADDED from src\main\AndroidManifest.xml:351:9-356:20
	android:screenOrientation
		ADDED from src\main\AndroidManifest.xml:353:13-49
	android:windowSoftInputMode
		ADDED from src\main\AndroidManifest.xml:355:13-52
	android:theme
		ADDED from src\main\AndroidManifest.xml:354:13-52
	android:name
		ADDED from src\main\AndroidManifest.xml:352:13-64
activity#com.fanxin.app.fx.UpdateFxidActivity
ADDED from src\main\AndroidManifest.xml:357:9-362:20
	android:screenOrientation
		ADDED from src\main\AndroidManifest.xml:359:13-49
	android:windowSoftInputMode
		ADDED from src\main\AndroidManifest.xml:361:13-52
	android:theme
		ADDED from src\main\AndroidManifest.xml:360:13-52
	android:name
		ADDED from src\main\AndroidManifest.xml:358:13-64
activity#com.fanxin.app.fx.NewFriendsActivity
ADDED from src\main\AndroidManifest.xml:363:9-368:20
	android:screenOrientation
		ADDED from src\main\AndroidManifest.xml:365:13-49
	android:windowSoftInputMode
		ADDED from src\main\AndroidManifest.xml:367:13-52
	android:theme
		ADDED from src\main\AndroidManifest.xml:366:13-52
	android:name
		ADDED from src\main\AndroidManifest.xml:364:13-64
activity#com.fanxin.app.fx.CreatChatRoomActivity
ADDED from src\main\AndroidManifest.xml:369:9-374:20
	android:screenOrientation
		ADDED from src\main\AndroidManifest.xml:371:13-49
	android:windowSoftInputMode
		ADDED from src\main\AndroidManifest.xml:373:13-52
	android:theme
		ADDED from src\main\AndroidManifest.xml:372:13-52
	android:name
		ADDED from src\main\AndroidManifest.xml:370:13-67
activity#com.fanxin.app.fx.ChatRoomActivity
ADDED from src\main\AndroidManifest.xml:375:9-380:20
	android:screenOrientation
		ADDED from src\main\AndroidManifest.xml:377:13-49
	android:windowSoftInputMode
		ADDED from src\main\AndroidManifest.xml:379:13-52
	android:theme
		ADDED from src\main\AndroidManifest.xml:378:13-52
	android:name
		ADDED from src\main\AndroidManifest.xml:376:13-62
activity#com.fanxin.app.fx.SettingActivity
ADDED from src\main\AndroidManifest.xml:381:9-386:20
	android:screenOrientation
		ADDED from src\main\AndroidManifest.xml:383:13-49
	android:windowSoftInputMode
		ADDED from src\main\AndroidManifest.xml:385:13-52
	android:theme
		ADDED from src\main\AndroidManifest.xml:384:13-52
	android:name
		ADDED from src\main\AndroidManifest.xml:382:13-61
activity#com.fanxin.app.fx.LasterLoginUserActivity
ADDED from src\main\AndroidManifest.xml:387:9-392:20
	android:screenOrientation
		ADDED from src\main\AndroidManifest.xml:389:13-49
	android:windowSoftInputMode
		ADDED from src\main\AndroidManifest.xml:391:13-52
	android:theme
		ADDED from src\main\AndroidManifest.xml:390:13-52
	android:name
		ADDED from src\main\AndroidManifest.xml:388:13-69
receiver#com.easemob.chat.StartServiceReceiver
ADDED from src\main\AndroidManifest.xml:395:9-402:20
	android:name
		ADDED from src\main\AndroidManifest.xml:395:19-71
intent-filter#android.intent.action.BOOT_COMPLETED+android.intent.action.QUICKBOOT_POWERON+android.intent.category.LAUNCHER
ADDED from src\main\AndroidManifest.xml:396:13-401:29
	android:priority
		ADDED from src\main\AndroidManifest.xml:396:28-51
action#android.intent.action.BOOT_COMPLETED
ADDED from src\main\AndroidManifest.xml:397:17-79
	android:name
		ADDED from src\main\AndroidManifest.xml:397:25-76
action#android.intent.action.QUICKBOOT_POWERON
ADDED from src\main\AndroidManifest.xml:398:17-82
	android:name
		ADDED from src\main\AndroidManifest.xml:398:25-79
meta-data#EASEMOB_APPKEY
ADDED from src\main\AndroidManifest.xml:405:9-407:48
	android:value
		ADDED from src\main\AndroidManifest.xml:407:13-45
	android:name
		ADDED from src\main\AndroidManifest.xml:406:13-42
service#com.easemob.chat.EMChatService
ADDED from src\main\AndroidManifest.xml:409:9-66
	android:name
		ADDED from src\main\AndroidManifest.xml:409:18-63
service#com.baidu.location.f
ADDED from src\main\AndroidManifest.xml:412:9-415:41
	android:enabled
		ADDED from src\main\AndroidManifest.xml:414:13-35
	android:process
		ADDED from src\main\AndroidManifest.xml:415:13-38
	android:name
		ADDED from src\main\AndroidManifest.xml:413:13-48
meta-data#UMENG_APPKEY
ADDED from src\main\AndroidManifest.xml:417:9-420:21
	android:value
		ADDED from src\main\AndroidManifest.xml:419:13-53
	android:name
		ADDED from src\main\AndroidManifest.xml:418:13-40
meta-data#com.baidu.lbsapi.API_KEY
ADDED from src\main\AndroidManifest.xml:421:9-423:64
	android:value
		ADDED from src\main\AndroidManifest.xml:423:13-61
	android:name
		ADDED from src\main\AndroidManifest.xml:422:13-52